<?xml version="1.0" encoding="UTF-8"?>
<testsuite name="Project 1.Test Suit 1" tests="1" failures="0" errors="0" time="0.381"><properties><property name="java.specification.version" value="21"/><property name="sun.jnu.encoding" value="UTF-8"/><property name="java.class.path" value="/root/.sdkman/candidates/java/21.0.5-oracle/lib/jfxrt.jar:/root/SoapUI-5.7.0/bin/soapui-5.7.0.jar:/root/SoapUI-5.7.0/lib/openws-1.4.2-1.jar:/root/SoapUI-5.7.0/lib/groovy-docgenerator-3.0.6.jar:/root/SoapUI-5.7.0/lib/l2fprod-common-directorychooser-7.3.jar:/root/SoapUI-5.7.0/lib/groovy-swing-3.0.6.jar:/root/SoapUI-5.7.0/lib/json-schema-validator-2.2.8.jar:/root/SoapUI-5.7.0/lib/flex-messaging-opt-1.0.jar:/root/SoapUI-5.7.0/lib/jaxen-1.1-beta-8.jar:/root/SoapUI-5.7.0/lib/swagger-core-1.6.2.jar:/root/SoapUI-5.7.0/lib/testng-7.3.0.jar:/root/SoapUI-5.7.0/lib/saxon-9.jar:/root/SoapUI-5.7.0/lib/jackson-coreutils-1.8.jar:/root/SoapUI-5.7.0/lib/org.apache.oltu.oauth2.httpclient4-0.31.jar:/root/SoapUI-5.7.0/lib/jakarta.xml.bind-api-2.3.2.jar:/root/SoapUI-5.7.0/lib/httpcore-4.4.9.jar:/root/SoapUI-5.7.0/lib/jackson-dataformat-xml-2.10.1.jar:/root/SoapUI-5.7.0/lib/org.apache.oltu.oauth2.client-0.31.jar:/root/SoapUI-5.7.0/lib/snakeyaml-1.26.jar:/root/SoapUI-5.7.0/lib/js-1.7R2.jar:/root/SoapUI-5.7.0/lib/xml-apis-1.4.01.jar:/root/SoapUI-5.7.0/lib/groovy-macro-3.0.6.jar:/root/SoapUI-5.7.0/lib/groovy-test-3.0.6.jar:/root/SoapUI-5.7.0/lib/groovy-templates-3.0.6.jar:/root/SoapUI-5.7.0/lib/serializer-2.7.2.jar:/root/SoapUI-5.7.0/lib/groovy-groovydoc-3.0.6.jar:/root/SoapUI-5.7.0/lib/javafx-controls-16-linux.jar:/root/SoapUI-5.7.0/lib/javafx-controls-16.jar:/root/SoapUI-5.7.0/lib/cal10n-api-0.8.1.jar:/root/SoapUI-5.7.0/lib/swagger-inflector-1.0.19.jar:/root/SoapUI-5.7.0/lib/sac-1.3.jar:/root/SoapUI-5.7.0/lib/jettison-1.2.jar:/root/SoapUI-5.7.0/lib/httpclient-4.5.5.jar:/root/SoapUI-5.7.0/lib/groovy-jsr223-3.0.6.jar:/root/SoapUI-5.7.0/lib/httpcore-nio-4.4.9.jar:/root/SoapUI-5.7.0/lib/junit-platform-launcher-1.7.0.jar:/root/SoapUI-5.7.0/lib/groovy-servlet-3.0.6.jar:/root/SoapUI-5.7.0/lib/jackson-databind-2.13.0.jar:/root/SoapUI-5.7.0/lib/qdox-1.12.1.jar:/root/SoapUI-5.7.0/lib/jackson-jaxrs-xml-provider-2.10.1.jar:/root/SoapUI-5.7.0/lib/jsr305-1.3.9.jar:/root/SoapUI-5.7.0/lib/opentest4j-1.2.0.jar:/root/SoapUI-5.7.0/lib/swagger-annotations-1.6.2.jar:/root/SoapUI-5.7.0/lib/junit-platform-engine-1.7.0.jar:/root/SoapUI-5.7.0/lib/javafx-web-16-linux.jar:/root/SoapUI-5.7.0/lib/bcprov-jdk15on-1.64.jar:/root/SoapUI-5.7.0/lib/ws-commons-util-1.0.2.jar:/root/SoapUI-5.7.0/lib/jersey-container-servlet-core-2.29.1.jar:/root/SoapUI-5.7.0/lib/saxon-9.1.0.8j.jar:/root/SoapUI-5.7.0/lib/ant-junit-1.10.8.jar:/root/SoapUI-5.7.0/lib/mailapi-1.4.3.jar:/root/SoapUI-5.7.0/lib/miglayout-core-11.0.jar:/root/SoapUI-5.7.0/lib/jackson-core-2.13.0.jar:/root/SoapUI-5.7.0/lib/xmlunit-1.2.jar:/root/SoapUI-5.7.0/lib/slf4j-ext-1.7.22.jar:/root/SoapUI-5.7.0/lib/javafx-media-16.jar:/root/SoapUI-5.7.0/lib/binding-2.0.1.jar:/root/SoapUI-5.7.0/lib/org.apache.oltu.oauth2.common-0.31.jar:/root/SoapUI-5.7.0/lib/junit-jupiter-engine-5.7.0.jar:/root/SoapUI-5.7.0/lib/json-20090211.jar:/root/SoapUI-5.7.0/lib/xercesImpl-2.12.0.jar:/root/SoapUI-5.7.0/lib/swagger-jersey2-jaxrs-1.6.0.jar:/root/SoapUI-5.7.0/lib/opensaml-2.5.1-1.jar:/root/SoapUI-5.7.0/lib/commons-codec-1.10.jar:/root/SoapUI-5.7.0/lib/nekohtml-1.9.14.jar:/root/SoapUI-5.7.0/lib/xmlbeans-3.1.1-sb-fixed.jar:/root/SoapUI-5.7.0/lib/log4j-core-2.17.1.jar:/root/SoapUI-5.7.0/lib/httpmime-4.5.5.jar:/root/SoapUI-5.7.0/lib/accessors-smart-1.2.jar:/root/SoapUI-5.7.0/lib/jcifs-1.2.9.jar:/root/SoapUI-5.7.0/lib/google-http-client-1.21.0.jar:/root/SoapUI-5.7.0/lib/groovy-3.0.6.jar:/root/SoapUI-5.7.0/lib/mimepull-1.9.11.jar:/root/SoapUI-5.7.0/lib/groovy-astbuilder-3.0.6.jar:/root/SoapUI-5.7.0/lib/junit-4.13.1.jar:/root/SoapUI-5.7.0/lib/xmlbeans-xpath-2.6.0.jar:/root/SoapUI-5.7.0/lib/flex-messaging-core-1.0.jar:/root/SoapUI-5.7.0/lib/saxon-dom-9.1.0.8j.jar:/root/SoapUI-5.7.0/lib/not-going-to-be-commons-ssl-0.3.20.jar:/root/SoapUI-5.7.0/lib/xmltooling-1.3.2-1.jar:/root/SoapUI-5.7.0/lib/commons-cli-1.2.jar:/root/SoapUI-5.7.0/lib/swagger-jaxrs-1.6.0.jar:/root/SoapUI-5.7.0/lib/swagger-models-1.6.2.jar:/root/SoapUI-5.7.0/lib/mixpanel-java-1.4.4.jar:/root/SoapUI-5.7.0/lib/maven-plugin-api-2.0.jar:/root/SoapUI-5.7.0/lib/proxy-vole-20131209.jar:/root/SoapUI-5.7.0/lib/javafx-swing-16-linux.jar:/root/SoapUI-5.7.0/lib/groovy-datetime-3.0.6.jar:/root/SoapUI-5.7.0/lib/btf-1.2.jar:/root/SoapUI-5.7.0/lib/jakarta.activation-1.2.1.jar:/root/SoapUI-5.7.0/lib/jakarta.activation-api-1.2.1.jar:/root/SoapUI-5.7.0/lib/jackson-jaxrs-base-2.10.1.jar:/root/SoapUI-5.7.0/lib/i4jruntime-5.1.14.jar:/root/SoapUI-5.7.0/lib/activation-1.1.jar:/root/SoapUI-5.7.0/lib/jakarta.validation-api-2.0.2.jar:/root/SoapUI-5.7.0/lib/groovy-testng-3.0.6.jar:/root/SoapUI-5.7.0/lib/json-path-2.4.0-fixed.jar:/root/SoapUI-5.7.0/lib/jersey-client-2.29.1.jar:/root/SoapUI-5.7.0/lib/javassist-3.16.1-GA.jar:/root/SoapUI-5.7.0/lib/xom-1.1.jar:/root/SoapUI-5.7.0/lib/httpclient-cache-4.5.5.jar:/root/SoapUI-5.7.0/lib/javafx-graphics-16-linux.jar:/root/SoapUI-5.7.0/lib/istack-commons-runtime-3.0.8.jar:/root/SoapUI-5.7.0/lib/commons-io-2.4.jar:/root/SoapUI-5.7.0/lib/jackson-module-jaxb-annotations-2.10.1.jar:/root/SoapUI-5.7.0/lib/swingx-soapui.jar:/root/SoapUI-5.7.0/lib/slf4j-api-1.7.25.jar:/root/SoapUI-5.7.0/lib/javafx-base-16-linux.jar:/root/SoapUI-5.7.0/lib/json-smart-2.3.jar:/root/SoapUI-5.7.0/lib/junit-jupiter-api-5.7.0.jar:/root/SoapUI-5.7.0/lib/jackson-annotations-2.13.0.jar:/root/SoapUI-5.7.0/lib/groovy-xml-3.0.6.jar:/root/SoapUI-5.7.0/lib/json-lib-2.2.2-jdk15.jar:/root/SoapUI-5.7.0/lib/xml-apis-2.9.1.jar:/root/SoapUI-5.7.0/lib/jackson-datatype-joda-2.10.1.jar:/root/SoapUI-5.7.0/lib/log4j-slf4j-impl-2.17.1.jar:/root/SoapUI-5.7.0/lib/jackson-jaxrs-json-provider-2.10.1.jar:/root/SoapUI-5.7.0/lib/xstream-1.4.13.jar:/root/SoapUI-5.7.0/lib/java-dataloader-3.1.0.jar:/root/SoapUI-5.7.0/lib/hamcrest-core-1.3.jar:/root/SoapUI-5.7.0/lib/miglayout-swing-11.0.jar:/root/SoapUI-5.7.0/lib/log4j-api-2.17.1.jar:/root/SoapUI-5.7.0/lib/jsr173_api-1.0.jar:/root/SoapUI-5.7.0/lib/jersey-server-2.29.1.jar:/root/SoapUI-5.7.0/lib/rsyntaxtextarea-2.5.0.jar:/root/SoapUI-5.7.0/lib/l2fprod-common-fontchooser-7.3.jar:/root/SoapUI-5.7.0/lib/reflections-0.9.9-RC1.jar:/root/SoapUI-5.7.0/lib/hk2-utils-2.6.1.jar:/root/SoapUI-5.7.0/lib/javafx-graphics-16.jar:/root/SoapUI-5.7.0/lib/commons-lang3-3.4.jar:/root/SoapUI-5.7.0/lib/jersey-media-multipart-2.29.1.jar:/root/SoapUI-5.7.0/lib/flex-messaging-common-1.0.jar:/root/SoapUI-5.7.0/lib/reactive-streams-1.0.2.jar:/root/SoapUI-5.7.0/lib/javaparser-core-3.16.1.jar:/root/SoapUI-5.7.0/lib/ant-antlr-1.10.8.jar:/root/SoapUI-5.7.0/lib/servlet-api-2.5-20081211.jar:/root/SoapUI-5.7.0/lib/FastInfoset-1.2.16.jar:/root/SoapUI-5.7.0/lib/msg-simple-1.1.jar:/root/SoapUI-5.7.0/lib/groovy-test-junit5-3.0.6.jar:/root/SoapUI-5.7.0/lib/jersey-media-jaxb-2.29.1.jar:/root/SoapUI-5.7.0/lib/groovy-cli-picocli-3.0.6.jar:/root/SoapUI-5.7.0/lib/jetty-6.1.26.jar:/root/SoapUI-5.7.0/lib/ant-launcher-1.10.8.jar:/root/SoapUI-5.7.0/lib/mail-1.4.jar:/root/SoapUI-5.7.0/lib/htmlunit-core-js-2.7.jar:/root/SoapUI-5.7.0/lib/groovy-jmx-3.0.6.jar:/root/SoapUI-5.7.0/lib/xmlpull-1.1.3.1.jar:/root/SoapUI-5.7.0/lib/jetty-util-6.1.26.jar:/root/SoapUI-5.7.0/lib/hk2-api-2.6.1.jar:/root/SoapUI-5.7.0/lib/jline-2.14.6.jar:/root/SoapUI-5.7.0/lib/junit-platform-commons-1.7.0.jar:/root/SoapUI-5.7.0/lib/joda-time-2.9.9.jar:/root/SoapUI-5.7.0/lib/commons-fileupload-1.4.jar:/root/SoapUI-5.7.0/lib/commons-lang-2.4.jar:/root/SoapUI-5.7.0/lib/forms-1.0.7.jar:/root/SoapUI-5.7.0/lib/groovy-nio-3.0.6.jar:/root/SoapUI-5.7.0/lib/javafx-base-16.jar:/root/SoapUI-5.7.0/lib/dom4j-1.6.1.jar:/root/SoapUI-5.7.0/lib/ant-1.10.8.jar:/root/SoapUI-5.7.0/lib/flex-messaging-remoting-1.0.jar:/root/SoapUI-5.7.0/lib/flex-messaging-proxy-1.0.jar:/root/SoapUI-5.7.0/lib/stax-ex-1.8.1.jar:/root/SoapUI-5.7.0/lib/analytics-core-5.5.3.jar:/root/SoapUI-5.7.0/lib/htmlunit-2.7.jar:/root/SoapUI-5.7.0/lib/aopalliance-repackaged-2.6.1.jar:/root/SoapUI-5.7.0/lib/jaxb-runtime-2.3.2.jar:/root/SoapUI-5.7.0/lib/animal-sniffer-annotations-1.11.jar:/root/SoapUI-5.7.0/lib/groovy-dateutil-3.0.6.jar:/root/SoapUI-5.7.0/lib/jopt-simple-5.0.3.jar:/root/SoapUI-5.7.0/lib/jdom-1.0.jar:/root/SoapUI-5.7.0/lib/commons-collections-3.2.2.jar:/root/SoapUI-5.7.0/lib/xmlsec-2.1.7.jar:/root/SoapUI-5.7.0/lib/groovy-ant-3.0.6.jar:/root/SoapUI-5.7.0/lib/commons-httpclient-3.1.jar:/root/SoapUI-5.7.0/lib/jakarta.inject-2.6.1.jar:/root/SoapUI-5.7.0/lib/graphql-java-17.3.jar:/root/SoapUI-5.7.0/lib/commons-logging-1.1.1.jar:/root/SoapUI-5.7.0/lib/jakarta.ws.rs-api-2.1.6.jar:/root/SoapUI-5.7.0/lib/jersey-common-2.29.1.jar:/root/SoapUI-5.7.0/lib/jersey-hk2-2.29.1.jar:/root/SoapUI-5.7.0/lib/jms-1.1.jar:/root/SoapUI-5.7.0/lib/stax2-api-3.1.4.jar:/root/SoapUI-5.7.0/lib/groovy-sql-3.0.6.jar:/root/SoapUI-5.7.0/lib/wss4j-1.6.17.jar:/root/SoapUI-5.7.0/lib/swagger-parser-1.0.54.jar:/root/SoapUI-5.7.0/lib/out-app-analytics-provider-5.5.3.jar:/root/SoapUI-5.7.0/lib/looks-2.2.0.jar:/root/SoapUI-5.7.0/lib/hermes-1.14.jar:/root/SoapUI-5.7.0/lib/woodstox-core-5.0.3.jar:/root/SoapUI-5.7.0/lib/jakarta.annotation-api-1.3.5.jar:/root/SoapUI-5.7.0/lib/xmlParserAPIs-2.6.2.jar:/root/SoapUI-5.7.0/lib/picocli-4.5.1.jar:/root/SoapUI-5.7.0/lib/txw2-2.3.2.jar:/root/SoapUI-5.7.0/lib/rhino-1.7R4.jar:/root/SoapUI-5.7.0/lib/javafx-media-16-linux.jar:/root/SoapUI-5.7.0/lib/guava-14.0.jar:/root/SoapUI-5.7.0/lib/antlr4-runtime-4.9.2.jar:/root/SoapUI-5.7.0/lib/libphonenumber-8.0.0.jar:/root/SoapUI-5.7.0/lib/cssparser-0.9.5.jar:/root/SoapUI-5.7.0/lib/commons-csv-1.1.jar:/root/SoapUI-5.7.0/lib/uri-template-0.9.jar:/root/SoapUI-5.7.0/lib/xpp3_min-1.1.4c.jar:/root/SoapUI-5.7.0/lib/groovy-groovysh-3.0.6.jar:/root/SoapUI-5.7.0/lib/ezmorph-1.0.5.jar:/root/SoapUI-5.7.0/lib/json-schema-core-1.2.8.jar:/root/SoapUI-5.7.0/lib/groovy-console-3.0.6.jar:/root/SoapUI-5.7.0/lib/xalan-2.7.2.jar:/root/SoapUI-5.7.0/lib/commons-beanutils-1.9.4.jar:/root/SoapUI-5.7.0/lib/jcommander-1.78.jar:/root/SoapUI-5.7.0/lib/jtidy-r872-jdk15.jar:/root/SoapUI-5.7.0/lib/hk2-locator-2.6.1.jar:/root/SoapUI-5.7.0/lib/wsdl4j-1.6.2-fixed.jar:/root/SoapUI-5.7.0/lib/groovy-json-3.0.6.jar:/root/SoapUI-5.7.0/lib/jackson-dataformat-yaml-2.11.1.jar:/root/SoapUI-5.7.0/lib/google-oauth-client-1.21.0.jar:/root/SoapUI-5.7.0/lib/osgi-resource-locator-1.0.3.jar"/><property name="sun.awt.enableExtraMouseButtons" value="true"/><property name="java.vm.vendor" value="Oracle Corporation"/><property name="sun.arch.data.model" value="64"/><property name="java.vendor.url" value="https://java.oracle.com/"/><property name="log4j2.formatMsgNoLookups" value="true"/><property name="user.timezone" value="America/Santiago"/><property name="java.vm.specification.version" value="21"/><property name="os.name" value="Linux"/><property name="sun.java.launcher" value="SUN_STANDARD"/><property name="sun.boot.library.path" value="/root/.sdkman/candidates/java/21.0.5-oracle/lib"/><property name="sun.java.command" value="com.eviware.soapui.tools.SoapUITestCaseRunner -s Test Suit 1 -j -r -f /root/soapui-reports /root/Project-1-soapui-project.xml"/><property name="jdk.debug" value="release"/><property name="sun.cpu.endian" value="little"/><property name="user.home" value="/root"/><property name="user.language" value="en"/><property name="java.specification.vendor" value="Oracle Corporation"/><property name="soapui.home" value="/root/SoapUI-5.7.0/bin"/><property name="java.version.date" value="2024-10-15"/><property name="java.home" value="/root/.sdkman/candidates/java/21.0.5-oracle"/><property name="file.separator" value="/"/><property name="java.vm.compressedOopsMode" value="32-bit"/><property name="line.separator" value="
"/><property name="java.vm.specification.vendor" value="Oracle Corporation"/><property name="java.specification.name" value="Java Platform API Specification"/><property name="soapui.ext.listeners" value="/root/SoapUI-5.7.0/bin/listeners"/><property name="sun.management.compiler" value="HotSpot 64-Bit Tiered Compilers"/><property name="java.runtime.version" value="21.0.5+9-LTS-239"/><property name="user.name" value="root"/><property name="stdout.encoding" value="UTF-8"/><property name="path.separator" value=":"/><property name="os.version" value="5.15.167.4-microsoft-standard-WSL2"/><property name="java.runtime.name" value="Java(TM) SE Runtime Environment"/><property name="file.encoding" value="UTF-8"/><property name="soapui.ext.libraries" value="/root/SoapUI-5.7.0/bin/ext"/><property name="java.vm.name" value="Java HotSpot(TM) 64-Bit Server VM"/><property name="java.vendor.url.bug" value="https://bugreport.java.com/bugreport/"/><property name="java.io.tmpdir" value="/tmp"/><property name="java.version" value="21.0.5"/><property name="user.dir" value="/root"/><property name="os.arch" value="amd64"/><property name="java.vm.specification.name" value="Java Virtual Machine Specification"/><property name="native.encoding" value="UTF-8"/><property name="java.library.path" value="/usr/java/packages/lib:/usr/lib64:/lib64:/lib:/usr/lib"/><property name="java.vm.info" value="mixed mode, sharing"/><property name="stderr.encoding" value="UTF-8"/><property name="java.vendor" value="Oracle Corporation"/><property name="java.vm.version" value="21.0.5+9-LTS-239"/><property name="sun.io.unicode.encoding" value="UnicodeLittle"/><property name="soapui.ext.actions" value="/root/SoapUI-5.7.0/bin/actions"/><property name="java.class.version" value="65.0"/><property name="soapui.properties" value="soapui.properties"/></properties><testcase name="https://jsonplaceholder.typicode.com TestSuite" time="0.381"/></testsuite>